mode: atomic
github.com/91go/yaml2md/main.go:8.13,10.2 1 0
github.com/91go/yaml2md/cmd/md.go:44.47,50.17 4 0
github.com/91go/yaml2md/cmd/md.go:50.17,52.4 1 0
github.com/91go/yaml2md/cmd/md.go:53.3,56.17 3 0
github.com/91go/yaml2md/cmd/md.go:56.17,58.4 1 0
github.com/91go/yaml2md/cmd/md.go:60.3,60.59 1 0
github.com/91go/yaml2md/cmd/md.go:69.13,85.2 4 0
github.com/91go/yaml2md/cmd/md.go:87.19,88.19 1 0
github.com/91go/yaml2md/cmd/md.go:88.19,91.3 1 0
github.com/91go/yaml2md/cmd/md.go:91.8,94.3 2 0
github.com/91go/yaml2md/cmd/md.go:96.2,99.45 2 0
github.com/91go/yaml2md/cmd/md.go:99.45,101.3 1 0
github.com/91go/yaml2md/cmd/root.go:26.16,28.16 2 0
github.com/91go/yaml2md/cmd/root.go:28.16,30.3 1 0
github.com/91go/yaml2md/cmd/root.go:33.13,43.2 1 0
github.com/91go/yaml2md/qs/qs.go:29.30,31.20 2 0
github.com/91go/yaml2md/qs/qs.go:31.20,32.82 1 0
github.com/91go/yaml2md/qs/qs.go:32.82,33.19 1 0
github.com/91go/yaml2md/qs/qs.go:33.19,35.19 2 0
github.com/91go/yaml2md/qs/qs.go:35.19,37.6 1 0
github.com/91go/yaml2md/qs/qs.go:38.5,39.9 2 0
github.com/91go/yaml2md/qs/qs.go:39.9,42.44 3 0
github.com/91go/yaml2md/qs/qs.go:42.44,44.33 1 0
github.com/91go/yaml2md/qs/qs.go:44.33,45.13 1 0
github.com/91go/yaml2md/qs/qs.go:47.7,47.17 1 0
github.com/91go/yaml2md/qs/qs.go:49.6,49.21 1 0
github.com/91go/yaml2md/qs/qs.go:49.21,51.7 1 0
github.com/91go/yaml2md/qs/qs.go:54.4,54.14 1 0
github.com/91go/yaml2md/qs/qs.go:56.3,56.17 1 0
github.com/91go/yaml2md/qs/qs.go:56.17,58.4 1 0
github.com/91go/yaml2md/qs/qs.go:60.2,60.13 1 0
github.com/91go/yaml2md/qs/qs.go:64.43,65.24 1 0
github.com/91go/yaml2md/qs/qs.go:65.24,66.31 1 0
github.com/91go/yaml2md/qs/qs.go:66.31,68.4 1 0
github.com/91go/yaml2md/qs/qs.go:70.2,70.8 1 0
github.com/91go/yaml2md/qs/qs.go:73.59,74.24 1 0
github.com/91go/yaml2md/qs/qs.go:74.24,75.23 1 0
github.com/91go/yaml2md/qs/qs.go:75.23,76.32 1 0
github.com/91go/yaml2md/qs/qs.go:76.32,78.5 1 0
github.com/91go/yaml2md/qs/qs.go:81.2,81.8 1 0
github.com/91go/yaml2md/qs/qs.go:84.44,85.60 1 0
github.com/91go/yaml2md/qs/qs.go:85.60,87.3 1 0
github.com/91go/yaml2md/qs/qs.go:90.49,91.24 1 0
github.com/91go/yaml2md/qs/qs.go:91.24,92.31 1 0
github.com/91go/yaml2md/qs/qs.go:92.31,93.75 1 0
github.com/91go/yaml2md/qs/qs.go:93.75,95.5 1 0
github.com/91go/yaml2md/qs/qs.go:98.2,98.12 1 0
github.com/91go/yaml2md/qs/qs.go:101.49,102.24 1 0
github.com/91go/yaml2md/qs/qs.go:102.24,103.31 1 0
github.com/91go/yaml2md/qs/qs.go:103.31,104.29 1 0
github.com/91go/yaml2md/qs/qs.go:104.29,107.41 3 0
github.com/91go/yaml2md/qs/qs.go:107.41,109.6 1 0
github.com/91go/yaml2md/qs/qs.go:113.2,113.8 1 0
github.com/91go/yaml2md/qs/qs.go:116.35,118.16 2 0
github.com/91go/yaml2md/qs/qs.go:118.16,120.3 1 0
github.com/91go/yaml2md/qs/qs.go:121.2,121.24 1 0
github.com/91go/yaml2md/qs/qs.go:121.24,123.3 1 0
github.com/91go/yaml2md/qs/qs.go:124.2,124.12 1 0
github.com/91go/yaml2md/qs/qs.go:128.40,130.41 1 0
github.com/91go/yaml2md/qs/qs.go:130.41,132.3 1 0
github.com/91go/yaml2md/qs/qs.go:133.2,133.26 1 0
