mode: atomic
github.com/91go/yaml2md/main.go:8.13,10.2 1 0
github.com/91go/yaml2md/cmd/md.go:77.47,85.17 4 0
github.com/91go/yaml2md/cmd/md.go:85.17,87.4 1 0
github.com/91go/yaml2md/cmd/md.go:88.3,91.17 3 0
github.com/91go/yaml2md/cmd/md.go:91.17,93.4 1 0
github.com/91go/yaml2md/cmd/md.go:95.3,95.63 1 0
github.com/91go/yaml2md/cmd/md.go:104.13,120.2 4 0
github.com/91go/yaml2md/cmd/md.go:122.19,123.19 1 0
github.com/91go/yaml2md/cmd/md.go:123.19,126.3 1 0
github.com/91go/yaml2md/cmd/md.go:126.8,137.3 2 0
github.com/91go/yaml2md/cmd/md.go:139.2,142.45 2 0
github.com/91go/yaml2md/cmd/md.go:142.45,144.3 1 0
github.com/91go/yaml2md/cmd/md.go:162.30,164.17 2 0
github.com/91go/yaml2md/cmd/md.go:164.17,165.21 1 0
github.com/91go/yaml2md/cmd/md.go:165.21,167.18 2 0
github.com/91go/yaml2md/cmd/md.go:167.18,169.5 1 0
github.com/91go/yaml2md/cmd/md.go:170.4,171.8 2 0
github.com/91go/yaml2md/cmd/md.go:171.8,173.43 2 0
github.com/91go/yaml2md/cmd/md.go:173.43,175.32 1 0
github.com/91go/yaml2md/cmd/md.go:175.32,176.12 1 0
github.com/91go/yaml2md/cmd/md.go:178.6,178.16 1 0
github.com/91go/yaml2md/cmd/md.go:180.5,180.20 1 0
github.com/91go/yaml2md/cmd/md.go:180.20,182.6 1 0
github.com/91go/yaml2md/cmd/md.go:186.2,186.13 1 0
github.com/91go/yaml2md/cmd/md.go:189.35,191.16 2 0
github.com/91go/yaml2md/cmd/md.go:191.16,193.3 1 0
github.com/91go/yaml2md/cmd/md.go:194.2,194.24 1 0
github.com/91go/yaml2md/cmd/md.go:194.24,196.3 1 0
github.com/91go/yaml2md/cmd/md.go:197.2,197.12 1 0
github.com/91go/yaml2md/cmd/md.go:201.40,203.41 1 0
github.com/91go/yaml2md/cmd/md.go:203.41,205.3 1 0
github.com/91go/yaml2md/cmd/md.go:206.2,206.26 1 0
github.com/91go/yaml2md/cmd/root.go:29.16,31.16 2 0
github.com/91go/yaml2md/cmd/root.go:31.16,33.3 1 0
github.com/91go/yaml2md/cmd/root.go:36.13,46.2 1 0
